#
# There is insufficient memory for the Java Runtime Environment to continue.
# Native memory allocation (malloc) failed to allocate 19832832 bytes for committing reserved memory.
# Possible reasons:
#   The system is out of physical RAM or swap space
#   In 32 bit mode, the process size limit was hit
# Possible solutions:
#   Reduce memory load on the system
#   Increase physical memory or swap space
#   Check if swap backing store is full
#   Use 64 bit Java on a 64 bit OS
#   Decrease Java heap size (-Xmx/-Xms)
#   Decrease number of Java threads
#   Decrease Java thread stack sizes (-Xss)
#   Set larger code cache with -XX:ReservedCodeCacheSize=
# This output file may be truncated or incomplete.
#
#  Out of Memory Error (os_linux.cpp:2718), pid=15623, tid=3042237296
#
# JRE version: Java(TM) SE Runtime Environment (7.0_45-b18) (build 1.7.0_45-b18)
# Java VM: Java HotSpot(TM) Client VM (24.45-b08 mixed mode, sharing linux-x86 )
# Failed to write core dump. Core dumps have been disabled. To enable core dumping, try "ulimit -c unlimited" before starting Java again
#

---------------  T H R E A D  ---------------

Current thread (0xb7626000):  VMThread [stack: 0xb54cd000,0xb554e000] [id=15626]

Stack: [0xb54cd000,0xb554e000],  sp=0xb554c770,  free space=509k
Native frames: (J=compiled Java code, j=interpreted, Vv=VM code, C=native code)
V  [libjvm.so+0x503a66]  VMError::report_and_die()+0x1a6
V  [libjvm.so+0x1db242]  report_vm_out_of_memory(char const*, int, unsigned int, char const*)+0x72
V  [libjvm.so+0x3ff731]  os::Linux::commit_memory_impl(char*, unsigned int, bool)+0xe1
V  [libjvm.so+0x3ffb87]  os::Linux::commit_memory_impl(char*, unsigned int, unsigned int, bool)+0x47
V  [libjvm.so+0x3ffd4d]  os::pd_commit_memory(char*, unsigned int, unsigned int, bool)+0x1d
V  [libjvm.so+0x3f979c]  os::commit_memory(char*, unsigned int, unsigned int, bool)+0x2c
V  [libjvm.so+0x4ff77c]  VirtualSpace::expand_by(unsigned int, bool)+0x20c
V  [libjvm.so+0x2557ab]  OneContigSpaceCardGeneration::grow_by(unsigned int)+0x1b
V  [libjvm.so+0x255a7b]  CardGeneration::expand(unsigned int, unsigned int)+0x5b
V  [libjvm.so+0x255afa]  OneContigSpaceCardGeneration::expand(unsigned int, unsigned int)+0x2a
V  [libjvm.so+0x4c4b25]  TenuredGeneration::compute_new_size()+0x1d5
V  [libjvm.so+0x24b8e1]  GenCollectedHeap::do_collection(bool, bool, unsigned int, bool, int)+0x691
V  [libjvm.so+0x18fbb7]  GenCollectorPolicy::satisfy_failed_allocation(unsigned int, bool)+0xe7
V  [libjvm.so+0x504c24]  VM_GenCollectForAllocation::doit()+0x74
V  [libjvm.so+0x50da47]  VM_Operation::evaluate()+0x47
V  [libjvm.so+0x50bb43]  VMThread::evaluate_operation(VM_Operation*)+0xb3
V  [libjvm.so+0x50bee0]  VMThread::loop()+0x1b0
V  [libjvm.so+0x50c345]  VMThread::run()+0x85
V  [libjvm.so+0x401c09]  java_start(Thread*)+0x119
C  [libpthread.so.0+0x6940]  abort@@GLIBC_2.0+0x6940

VM_Operation (0xb77fdf7c): GenCollectForAllocation, mode: safepoint, requested by thread 0xb7606800


---------------  P R O C E S S  ---------------

Java Threads: ( => current thread )
  0xb764ac00 JavaThread "Service Thread" daemon [_thread_blocked, id=15631, stack(0xb4cb8000,0xb4d09000)]
  0xb7649000 JavaThread "C1 CompilerThread0" daemon [_thread_blocked, id=15630, stack(0xb4d09000,0xb4d8a000)]
  0xb7647400 JavaThread "Signal Dispatcher" daemon [_thread_blocked, id=15629, stack(0xb4d8a000,0xb4ddb000)]
  0xb7629000 JavaThread "Finalizer" daemon [_thread_blocked, id=15628, stack(0xb542b000,0xb547c000)]
  0xb7627800 JavaThread "Reference Handler" daemon [_thread_blocked, id=15627, stack(0xb547c000,0xb54cd000)]
  0xb7606800 JavaThread "main" [_thread_blocked, id=15625, stack(0xb77b1000,0xb7802000)]

Other Threads:
=>0xb7626000 VMThread [stack: 0xb54cd000,0xb554e000] [id=15626]
  0xb764d400 WatcherThread [stack: 0xb4c37000,0xb4cb8000] [id=15632]

VM state:at safepoint (normal execution)

VM Mutex/Monitor currently owned by a thread:  ([mutex/lock_event])
[0xb7604bb8] Threads_lock - owner thread: 0xb7626000
[0xb7604fc8] Heap_lock - owner thread: 0xb7606800

Heap
 def new generation   total 17792K, used 0K [0x86080000, 0x873c0000, 0x89320000)
  eden space 15872K,   0% used [0x86080000, 0x86080000, 0x87000000)
  from space 1920K,   0% used [0x87000000, 0x87000000, 0x871e0000)
  to   space 1920K,   0% used [0x871e0000, 0x871e0000, 0x873c0000)
 tenured generation   total 39512K, used 35325K [0x89320000, 0x8b9b6000, 0x8f880000)
   the space 39512K,  89% used [0x89320000, 0x8b59f720, 0x8b59f800, 0x8b9b6000)
 compacting perm gen  total 12288K, used 6865K [0x8f880000, 0x90480000, 0x93880000)
   the space 12288K,  55% used [0x8f880000, 0x8ff34440, 0x8ff34600, 0x90480000)
    ro space 10240K,  48% used [0x93880000, 0x93d50bf0, 0x93d50c00, 0x94280000)
    rw space 12288K,  57% used [0x94280000, 0x94963f20, 0x94964000, 0x94e80000)

Card table byte_map: [0xb5588000,0xb5600000] byte_map_base: 0xb5157c00

Polling page: 0xb77b0000

Code Cache  [0xb5600000, 0xb5a38000, 0xb7600000)
 total_blobs=2220 nmethods=2059 adapters=97 free_code_cache=28469Kb largest_free_block=29150976

Compilation events (10 events):
Event: 86.996 Thread 0xb7649000 2076             org.apache.tools.ant.IntrospectionHelper::supportsReflectElement (75 bytes)
Event: 86.997 Thread 0xb7649000 nmethod 2076 0xb5a31b48 code [0xb5a31ce0, 0xb5a31f54]
Event: 99.039 Thread 0xb7649000 2077             com.sun.java.util.jar.pack.Instruction$TableSwitch::getCaseCount (14 bytes)
Event: 99.039 Thread 0xb7649000 nmethod 2077 0xb5a322c8 code [0xb5a323d0, 0xb5a32570]
Event: 99.760 Thread 0xb7649000 2078             com.sun.java.util.jar.pack.Instruction$TableSwitch::getLength (16 bytes)
Event: 99.760 Thread 0xb7649000 nmethod 2078 0xb5a32908 code [0xb5a32a00, 0xb5a32a90]
Event: 100.118 Thread 0xb7649000 2079             com.sun.java.util.jar.pack.Instruction$TableSwitch::getCaseLabel (13 bytes)
Event: 100.118 Thread 0xb7649000 nmethod 2079 0xb5a32ac8 code [0xb5a32bc0, 0xb5a32ce0]
Event: 100.760 Thread 0xb7649000 2080             com.sun.java.util.jar.pack.Instruction$Switch::getBC (5 bytes)
Event: 100.761 Thread 0xb7649000 nmethod 2080 0xb5a32f48 code [0xb5a33040, 0xb5a330c0]

GC Heap History (10 events):
Event: 95.670 GC heap after
Heap after GC invocations=147 (full 11):
 def new generation   total 17792K, used 191K [0x86080000, 0x873c0000, 0x89320000)
  eden space 15872K,   0% used [0x86080000, 0x86080000, 0x87000000)
  from space 1920K,   9% used [0x871e0000, 0x8720fd58, 0x873c0000)
  to   space 1920K,   0% used [0x87000000, 0x87000000, 0x871e0000)
 tenured generation   total 39384K, used 31526K [0x89320000, 0x8b996000, 0x8f880000)
   the space 39384K,  80% used [0x89320000, 0x8b1e9a70, 0x8b1e9c00, 0x8b996000)
 compacting perm gen  total 12288K, used 6914K [0x8f880000, 0x90480000, 0x93880000)
   the space 12288K,  56% used [0x8f880000, 0x8ff40a98, 0x8ff40c00, 0x90480000)
    ro space 10240K,  48% used [0x93880000, 0x93d50bf0, 0x93d50c00, 0x94280000)
    rw space 12288K,  57% used [0x94280000, 0x94963f20, 0x94964000, 0x94e80000)
}
Event: 97.114 GC heap before
{Heap before GC invocations=147 (full 11):
 def new generation   total 17792K, used 16063K [0x86080000, 0x873c0000, 0x89320000)
  eden space 15872K, 100% used [0x86080000, 0x87000000, 0x87000000)
  from space 1920K,   9% used [0x871e0000, 0x8720fd58, 0x873c0000)
  to   space 1920K,   0% used [0x87000000, 0x87000000, 0x871e0000)
 tenured generation   total 39384K, used 31526K [0x89320000, 0x8b996000, 0x8f880000)
   the space 39384K,  80% used [0x89320000, 0x8b1e9a70, 0x8b1e9c00, 0x8b996000)
 compacting perm gen  total 12288K, used 6914K [0x8f880000, 0x90480000, 0x93880000)
   the space 12288K,  56% used [0x8f880000, 0x8ff40a98, 0x8ff40c00, 0x90480000)
    ro space 10240K,  48% used [0x93880000, 0x93d50bf0, 0x93d50c00, 0x94280000)
    rw space 12288K,  57% used [0x94280000, 0x94963f20, 0x94964000, 0x94e80000)
Event: 97.116 GC heap after
Heap after GC invocations=148 (full 11):
 def new generation   total 17792K, used 203K [0x86080000, 0x873c0000, 0x89320000)
  eden space 15872K,   0% used [0x86080000, 0x86080000, 0x87000000)
  from space 1920K,  10% used [0x87000000, 0x87032de0, 0x871e0000)
  to   space 1920K,   0% used [0x871e0000, 0x871e0000, 0x873c0000)
 tenured generation   total 39384K, used 31526K [0x89320000, 0x8b996000, 0x8f880000)
   the space 39384K,  80% used [0x89320000, 0x8b1e9a70, 0x8b1e9c00, 0x8b996000)
 compacting perm gen  total 12288K, used 6914K [0x8f880000, 0x90480000, 0x93880000)
   the space 12288K,  56% used [0x8f880000, 0x8ff40a98, 0x8ff40c00, 0x90480000)
    ro space 10240K,  48% used [0x93880000, 0x93d50bf0, 0x93d50c00, 0x94280000)
    rw space 12288K,  57% used [0x94280000, 0x94963f20, 0x94964000, 0x94e80000)
}
Event: 98.914 GC heap before
{Heap before GC invocations=148 (full 11):
 def new generation   total 17792K, used 16075K [0x86080000, 0x873c0000, 0x89320000)
  eden space 15872K, 100% used [0x86080000, 0x87000000, 0x87000000)
  from space 1920K,  10% used [0x87000000, 0x87032de0, 0x871e0000)
  to   space 1920K,   0% used [0x871e0000, 0x871e0000, 0x873c0000)
 tenured generation   total 39384K, used 31526K [0x89320000, 0x8b996000, 0x8f880000)
   the space 39384K,  80% used [0x89320000, 0x8b1e9a70, 0x8b1e9c00, 0x8b996000)
 compacting perm gen  total 12288K, used 6914K [0x8f880000, 0x90480000, 0x93880000)
   the space 12288K,  56% used [0x8f880000, 0x8ff40a98, 0x8ff40c00, 0x90480000)
    ro space 10240K,  48% used [0x93880000, 0x93d50bf0, 0x93d50c00, 0x94280000)
    rw space 12288K,  57% used [0x94280000, 0x94963f20, 0x94964000, 0x94e80000)
Event: 98.917 GC heap after
Heap after GC invocations=149 (full 11):
 def new generation   total 17792K, used 393K [0x86080000, 0x873c0000, 0x89320000)
  eden space 15872K,   0% used [0x86080000, 0x86080000, 0x87000000)
  from space 1920K,  20% used [0x871e0000, 0x87242488, 0x873c0000)
  to   space 1920K,   0% used [0x87000000, 0x87000000, 0x871e0000)
 tenured generation   total 39384K, used 31526K [0x89320000, 0x8b996000, 0x8f880000)
   the space 39384K,  80% used [0x89320000, 0x8b1e9a70, 0x8b1e9c00, 0x8b996000)
 compacting perm gen  total 12288K, used 6914K [0x8f880000, 0x90480000, 0x93880000)
   the space 12288K,  56% used [0x8f880000, 0x8ff40a98, 0x8ff40c00, 0x90480000)
    ro space 10240K,  48% used [0x93880000, 0x93d50bf0, 0x93d50c00, 0x94280000)
    rw space 12288K,  57% used [0x94280000, 0x94963f20, 0x94964000, 0x94e80000)
}
Event: 100.119 GC heap before
{Heap before GC invocations=149 (full 11):
 def new generation   total 17792K, used 16265K [0x86080000, 0x873c0000, 0x89320000)
  eden space 15872K, 100% used [0x86080000, 0x87000000, 0x87000000)
  from space 1920K,  20% used [0x871e0000, 0x87242488, 0x873c0000)
  to   space 1920K,   0% used [0x87000000, 0x87000000, 0x871e0000)
 tenured generation   total 39384K, used 31526K [0x89320000, 0x8b996000, 0x8f880000)
   the space 39384K,  80% used [0x89320000, 0x8b1e9a70, 0x8b1e9c00, 0x8b996000)
 compacting perm gen  total 12288K, used 6914K [0x8f880000, 0x90480000, 0x93880000)
   the space 12288K,  56% used [0x8f880000, 0x8ff40a98, 0x8ff40c00, 0x90480000)
    ro space 10240K,  48% used [0x93880000, 0x93d50bf0, 0x93d50c00, 0x94280000)
    rw space 12288K,  57% used [0x94280000, 0x94963f20, 0x94964000, 0x94e80000)
Event: 100.283 GC heap after
Heap after GC invocations=150 (full 11):
 def new generation   total 17792K, used 1920K [0x86080000, 0x873c0000, 0x89320000)
  eden space 15872K,   0% used [0x86080000, 0x86080000, 0x87000000)
  from space 1920K, 100% used [0x87000000, 0x871e0000, 0x871e0000)
  to   space 1920K,   0% used [0x871e0000, 0x871e0000, 0x873c0000)
 tenured generation   total 39384K, used 34014K [0x89320000, 0x8b996000, 0x8f880000)
   the space 39384K,  86% used [0x89320000, 0x8b457998, 0x8b457a00, 0x8b996000)
 compacting perm gen  total 12288K, used 6914K [0x8f880000, 0x90480000, 0x93880000)
   the space 12288K,  56% used [0x8f880000, 0x8ff40a98, 0x8ff40c00, 0x90480000)
    ro space 10240K,  48% used [0x93880000, 0x93d50bf0, 0x93d50c00, 0x94280000)
    rw space 12288K,  57% used [0x94280000, 0x94963f20, 0x94964000, 0x94e80000)
}
Event: 102.929 GC heap before
{Heap before GC invocations=150 (full 11):
 def new generation   total 17792K, used 17792K [0x86080000, 0x873c0000, 0x89320000)
  eden space 15872K, 100% used [0x86080000, 0x87000000, 0x87000000)
  from space 1920K, 100% used [0x87000000, 0x871e0000, 0x871e0000)
  to   space 1920K,   0% used [0x871e0000, 0x871e0000, 0x873c0000)
 tenured generation   total 39384K, used 34014K [0x89320000, 0x8b996000, 0x8f880000)
   the space 39384K,  86% used [0x89320000, 0x8b457998, 0x8b457a00, 0x8b996000)
 compacting perm gen  total 12288K, used 6914K [0x8f880000, 0x90480000, 0x93880000)
   the space 12288K,  56% used [0x8f880000, 0x8ff40a98, 0x8ff40c00, 0x90480000)
    ro space 10240K,  48% used [0x93880000, 0x93d50bf0, 0x93d50c00, 0x94280000)
    rw space 12288K,  57% used [0x94280000, 0x94963f20, 0x94964000, 0x94e80000)
Event: 103.051 GC heap after
Heap after GC invocations=151 (full 11):
 def new generation   total 17792K, used 1919K [0x86080000, 0x873c0000, 0x89320000)
  eden space 15872K,   0% used [0x86080000, 0x86080000, 0x87000000)
  from space 1920K,  99% used [0x871e0000, 0x873bfff8, 0x873c0000)
  to   space 1920K,   0% used [0x87000000, 0x87000000, 0x871e0000)
 tenured generation   total 39384K, used 37548K [0x89320000, 0x8b996000, 0x8f880000)
   the space 39384K,  95% used [0x89320000, 0x8b7cb2b8, 0x8b7cb400, 0x8b996000)
 compacting perm gen  total 12288K, used 6914K [0x8f880000, 0x90480000, 0x93880000)
   the space 12288K,  56% used [0x8f880000, 0x8ff40a98, 0x8ff40c00, 0x90480000)
    ro space 10240K,  48% used [0x93880000, 0x93d50bf0, 0x93d50c00, 0x94280000)
    rw space 12288K,  57% used [0x94280000, 0x94963f20, 0x94964000, 0x94e80000)
}
Event: 109.636 GC heap before
{Heap before GC invocations=151 (full 11):
 def new generation   total 17792K, used 17791K [0x86080000, 0x873c0000, 0x89320000)
  eden space 15872K, 100% used [0x86080000, 0x87000000, 0x87000000)
  from space 1920K,  99% used [0x871e0000, 0x873bfff8, 0x873c0000)
  to   space 1920K,   0% used [0x87000000, 0x87000000, 0x871e0000)
 tenured generation   total 39384K, used 37548K [0x89320000, 0x8b996000, 0x8f880000)
   the space 39384K,  95% used [0x89320000, 0x8b7cb2b8, 0x8b7cb400, 0x8b996000)
 compacting perm gen  total 12288K, used 6914K [0x8f880000, 0x90480000, 0x93880000)
   the space 12288K,  56% used [0x8f880000, 0x8ff40a98, 0x8ff40c00, 0x90480000)
    ro space 10240K,  48% used [0x93880000, 0x93d50bf0, 0x93d50c00, 0x94280000)
    rw space 12288K,  57% used [0x94280000, 0x94963f20, 0x94964000, 0x94e80000)

Deoptimization events (0 events):
No events

Internal exceptions (10 events):
Event: 84.578 Thread 0xb7606800 Threw 0x86438678 at /HUDSON/workspace/7u-2-build-linux-i586/jdk7u45/229/hotspot/src/share/vm/prims/jvm.cpp:1244
Event: 84.578 Thread 0xb7606800 Threw 0x86440938 at /HUDSON/workspace/7u-2-build-linux-i586/jdk7u45/229/hotspot/src/share/vm/classfile/systemDictionary.cpp:174
Event: 84.579 Thread 0xb7606800 Threw 0x86449b78 at /HUDSON/workspace/7u-2-build-linux-i586/jdk7u45/229/hotspot/src/share/vm/prims/jvm.cpp:1244
Event: 84.579 Thread 0xb7606800 Threw 0x8644a648 at /HUDSON/workspace/7u-2-build-linux-i586/jdk7u45/229/hotspot/src/share/vm/prims/jvm.cpp:1244
Event: 84.579 Thread 0xb7606800 Threw 0x8644d378 at /HUDSON/workspace/7u-2-build-linux-i586/jdk7u45/229/hotspot/src/share/vm/prims/jvm.cpp:1244
Event: 84.580 Thread 0xb7606800 Threw 0x86455638 at /HUDSON/workspace/7u-2-build-linux-i586/jdk7u45/229/hotspot/src/share/vm/classfile/systemDictionary.cpp:174
Event: 84.581 Thread 0xb7606800 Threw 0x8645efc8 at /HUDSON/workspace/7u-2-build-linux-i586/jdk7u45/229/hotspot/src/share/vm/prims/jvm.cpp:1244
Event: 84.581 Thread 0xb7606800 Threw 0x8645fa98 at /HUDSON/workspace/7u-2-build-linux-i586/jdk7u45/229/hotspot/src/share/vm/prims/jvm.cpp:1244
Event: 84.581 Thread 0xb7606800 Threw 0x864627c8 at /HUDSON/workspace/7u-2-build-linux-i586/jdk7u45/229/hotspot/src/share/vm/prims/jvm.cpp:1244
Event: 84.581 Thread 0xb7606800 Threw 0x8646aa88 at /HUDSON/workspace/7u-2-build-linux-i586/jdk7u45/229/hotspot/src/share/vm/classfile/systemDictionary.cpp:174

Events (10 events):
Event: 95.670 Executing VM operation: GenCollectForAllocation done
Event: 97.114 Executing VM operation: GenCollectForAllocation
Event: 97.116 Executing VM operation: GenCollectForAllocation done
Event: 98.914 Executing VM operation: GenCollectForAllocation
Event: 98.917 Executing VM operation: GenCollectForAllocation done
Event: 100.119 Executing VM operation: GenCollectForAllocation
Event: 100.283 Executing VM operation: GenCollectForAllocation done
Event: 102.929 Executing VM operation: GenCollectForAllocation
Event: 103.051 Executing VM operation: GenCollectForAllocation done
Event: 109.636 Executing VM operation: GenCollectForAllocation


Dynamic libraries:
00110000-00285000 r-xp 00000000 ca:01 591052     /lib/i686/nosegneg/libc-2.12.so
00285000-00287000 r--p 00175000 ca:01 591052     /lib/i686/nosegneg/libc-2.12.so
00287000-00288000 rw-p 00177000 ca:01 591052     /lib/i686/nosegneg/libc-2.12.so
00288000-0028b000 rw-p 00000000 00:00 0 
0028b000-00297000 r-xp 00000000 ca:01 589877     /lib/libnss_files-2.12.so
00297000-00298000 r--p 0000b000 ca:01 589877     /lib/libnss_files-2.12.so
00298000-00299000 rw-p 0000c000 ca:01 589877     /lib/libnss_files-2.12.so
00299000-002ae000 r-xp 00000000 ca:01 279251     /usr/java/jdk1.7.0_45/jre/lib/i386/libnet.so
002ae000-002af000 rw-p 00014000 ca:01 279251     /usr/java/jdk1.7.0_45/jre/lib/i386/libnet.so
00339000-00357000 r-xp 00000000 ca:01 591051     /lib/ld-2.12.so
00357000-00358000 r--p 0001d000 ca:01 591051     /lib/ld-2.12.so
00358000-00359000 rw-p 0001e000 ca:01 591051     /lib/ld-2.12.so
00376000-00384000 r-xp 00000000 ca:01 279252     /usr/java/jdk1.7.0_45/jre/lib/i386/libnio.so
00384000-00385000 rw-p 0000e000 ca:01 279252     /usr/java/jdk1.7.0_45/jre/lib/i386/libnio.so
00389000-0039c000 r-xp 00000000 ca:01 279212     /usr/java/jdk1.7.0_45/jre/lib/i386/jli/libjli.so
0039c000-0039d000 rw-p 00012000 ca:01 279212     /usr/java/jdk1.7.0_45/jre/lib/i386/jli/libjli.so
004fe000-00515000 r-xp 00000000 ca:01 591066     /lib/i686/nosegneg/libpthread-2.12.so
00515000-00516000 r--p 00016000 ca:01 591066     /lib/i686/nosegneg/libpthread-2.12.so
00516000-00517000 rw-p 00017000 ca:01 591066     /lib/i686/nosegneg/libpthread-2.12.so
00517000-00519000 rw-p 00000000 00:00 0 
0051b000-00543000 r-xp 00000000 ca:01 591067     /lib/libm-2.12.so
00543000-00544000 r--p 00027000 ca:01 591067     /lib/libm-2.12.so
00544000-00545000 rw-p 00028000 ca:01 591067     /lib/libm-2.12.so
0065b000-00666000 r-xp 00000000 ca:01 279262     /usr/java/jdk1.7.0_45/jre/lib/i386/libverify.so
00666000-00667000 rw-p 0000b000 ca:01 279262     /usr/java/jdk1.7.0_45/jre/lib/i386/libverify.so
00811000-00828000 r-xp 00000000 ca:01 279263     /usr/java/jdk1.7.0_45/jre/lib/i386/libzip.so
00828000-00829000 rw-p 00017000 ca:01 279263     /usr/java/jdk1.7.0_45/jre/lib/i386/libzip.so
009b7000-009da000 r-xp 00000000 ca:01 279230     /usr/java/jdk1.7.0_45/jre/lib/i386/libjava.so
009da000-009db000 rw-p 00022000 ca:01 279230     /usr/java/jdk1.7.0_45/jre/lib/i386/libjava.so
00ac0000-00ac1000 r-xp 00000000 00:00 0          [vdso]
00c26000-00c2d000 r-xp 00000000 ca:01 596507     /lib/librt-2.12.so
00c2d000-00c2e000 r--p 00006000 ca:01 596507     /lib/librt-2.12.so
00c2e000-00c2f000 rw-p 00007000 ca:01 596507     /lib/librt-2.12.so
00c31000-00c34000 r-xp 00000000 ca:01 596502     /lib/libdl-2.12.so
00c34000-00c35000 r--p 00002000 ca:01 596502     /lib/libdl-2.12.so
00c35000-00c36000 rw-p 00003000 ca:01 596502     /lib/libdl-2.12.so
00c36000-011bc000 r-xp 00000000 ca:01 279205     /usr/java/jdk1.7.0_45/jre/lib/i386/client/libjvm.so
011bc000-011dd000 rw-p 00586000 ca:01 279205     /usr/java/jdk1.7.0_45/jre/lib/i386/client/libjvm.so
011dd000-015fd000 rw-p 00000000 00:00 0 
08048000-08049000 r-xp 00000000 ca:01 278681     /usr/java/jdk1.7.0_45/jre/bin/java
08049000-0804a000 rw-p 00000000 ca:01 278681     /usr/java/jdk1.7.0_45/jre/bin/java
08f61000-092fb000 rw-p 00000000 00:00 0          [heap]
86080000-873c0000 rw-p 00000000 00:00 0 
873c0000-89320000 rw-p 00000000 00:00 0 
89320000-8b9b6000 rw-p 00000000 00:00 0 
8cca0000-8f880000 rw-p 00000000 00:00 0 
8f880000-90480000 rw-p 00000000 00:00 0 
90480000-93880000 rw-p 00000000 00:00 0 
93880000-93d51000 r--p 00001000 ca:01 279028     /usr/java/jdk1.7.0_45/jre/lib/i386/client/classes.jsa
93d51000-94280000 rw-p 00000000 00:00 0 
94280000-94964000 rw-p 004d2000 ca:01 279028     /usr/java/jdk1.7.0_45/jre/lib/i386/client/classes.jsa
94964000-94e80000 rw-p 00000000 00:00 0 
94e80000-95130000 rw-p 00bb6000 ca:01 279028     /usr/java/jdk1.7.0_45/jre/lib/i386/client/classes.jsa
95130000-95280000 rw-p 00000000 00:00 0 
95280000-95289000 r-xp 00e66000 ca:01 279028     /usr/java/jdk1.7.0_45/jre/lib/i386/client/classes.jsa
95289000-95680000 rw-p 00000000 00:00 0 
b3b00000-b3b25000 rw-p 00000000 00:00 0 
b3b25000-b3c00000 ---p 00000000 00:00 0 
b3d00000-b3df9000 rw-p 00000000 00:00 0 
b3df9000-b3e00000 ---p 00000000 00:00 0 
b3f00000-b3ff1000 rw-p 00000000 00:00 0 
b3ff1000-b4000000 ---p 00000000 00:00 0 
b4000000-b40fc000 rw-p 00000000 00:00 0 
b40fc000-b4100000 ---p 00000000 00:00 0 
b4100000-b41f3000 rw-p 00000000 00:00 0 
b41f3000-b4200000 ---p 00000000 00:00 0 
b4300000-b43ff000 rw-p 00000000 00:00 0 
b43ff000-b4400000 ---p 00000000 00:00 0 
b4418000-b4500000 rw-p 00000000 00:00 0 
b4500000-b4600000 rw-p 00000000 00:00 0 
b467f000-b4691000 r--s 001a7000 ca:01 1300035    /home/ec2-user/openfire_src/work/plugins-dev/monitoring/target/lib/itext.jar
b4698000-b4699000 rw-p 00000000 00:00 0 
b4699000-b469a000 r--s 00002000 ca:01 643551     /home/ec2-user/openfire_src/work/plugins-dev/registration/target/lib/recaptcha4j.jar
b469a000-b469c000 r--s 00004000 ca:01 643597     /home/ec2-user/openfire_src/work/plugins-dev/registration/target/lib/plugin-registration-jspc.jar
b469c000-b469f000 r--s 0002b000 ca:01 917673     /home/ec2-user/openfire_src/src/web/WEB-INF/lib/dwr.jar
b469f000-b46a2000 r--s 00013000 ca:01 917672     /home/ec2-user/openfire_src/src/web/WEB-INF/lib/commons-io.jar
b46a2000-b46a4000 r--s 0000b000 ca:01 917671     /home/ec2-user/openfire_src/src/web/WEB-INF/lib/commons-fileupload.jar
b46a4000-b46a7000 r--s 0001e000 ca:01 641433     /home/ec2-user/openfire_src/build/lib/dist/servlet.jar
b46a7000-b46ad000 r--s 00053000 ca:01 641430     /home/ec2-user/openfire_src/build/lib/dist/mail.jar
b46ad000-b46b0000 r--s 00010000 ca:01 641427     /home/ec2-user/openfire_src/build/lib/dist/jdic.jar
b46b0000-b46d8000 r--s 00194000 ca:01 641425     /home/ec2-user/openfire_src/build/lib/dist/bouncycastle.jar
b46d8000-b46da000 r--s 0000c000 ca:01 641424     /home/ec2-user/openfire_src/build/lib/dist/activation.jar
b46da000-b46dd000 r--s 0001b000 ca:01 641485     /home/ec2-user/openfire_src/build/lib/merge/xpp3.jar
b46dd000-b46e0000 r--s 00015000 ca:01 641484     /home/ec2-user/openfire_src/build/lib/merge/tinder.jar
b46e0000-b46e1000 r--s 0002a000 ca:01 641483     /home/ec2-user/openfire_src/build/lib/merge/stringprep.jar
b46e1000-b46ea000 r--s 00058000 ca:01 641482     /home/ec2-user/openfire_src/build/lib/merge/standard.jar
b46ea000-b46ec000 r--s 00005000 ca:01 641481     /home/ec2-user/openfire_src/build/lib/merge/slf4j-api.jar
b46ec000-b46f0000 r--s 0001d000 ca:01 641480     /home/ec2-user/openfire_src/build/lib/merge/sitemesh.jar
b46f0000-b46f1000 r--s 00002000 ca:01 641479     /home/ec2-user/openfire_src/build/lib/merge/shaj.jar
b46f1000-b46f5000 r--s 0002f000 ca:01 641478     /home/ec2-user/openfire_src/build/lib/merge/rome.jar
b46f5000-b46f6000 r--s 00005000 ca:01 641477     /home/ec2-user/openfire_src/build/lib/merge/rome-fetcher.jar
b46f6000-b46fe000 r--s 00064000 ca:01 641476     /home/ec2-user/openfire_src/build/lib/merge/proxool.jar
b46fe000-b4700000 r--s 00003000 ca:01 641475     /home/ec2-user/openfire_src/build/lib/merge/mina-integration-jmx.jar
b4700000-b4702000 r--s 00006000 ca:01 641474     /home/ec2-user/openfire_src/build/lib/merge/mina-filter-ssl.jar
b4702000-b4704000 r--s 00003000 ca:01 641473     /home/ec2-user/openfire_src/build/lib/merge/mina-filter-compression.jar
b4704000-b470c000 r--s 00046000 ca:01 641472     /home/ec2-user/openfire_src/build/lib/merge/mina-core.jar
b470c000-b4713000 r--s 00053000 ca:01 641471     /home/ec2-user/openfire_src/build/lib/merge/log4j.jar
b4713000-b4715000 r--s 0001a000 ca:01 641470     /home/ec2-user/openfire_src/build/lib/merge/libidn.jar
b4715000-b4716000 r--s 0000b000 ca:01 641469     /home/ec2-user/openfire_src/build/lib/merge/jzlib.jar
b4716000-b4718000 r--s 00004000 ca:01 641468     /home/ec2-user/openfire_src/build/lib/merge/jstl.jar
b4718000-b471a000 r--s 0000c000 ca:01 641467     /home/ec2-user/openfire_src/build/lib/merge/jsp-api.jar
b471a000-b471c000 r--s 00012000 ca:01 641466     /home/ec2-user/openfire_src/build/lib/merge/jmdns.jar
b471c000-b471e000 r--s 00007000 ca:01 641465     /home/ec2-user/openfire_src/build/lib/merge/jetty-xml.jar
b471e000-b4721000 r--s 0001b000 ca:01 641464     /home/ec2-user/openfire_src/build/lib/merge/jetty-websocket.jar
b4721000-b4724000 r--s 00016000 ca:01 641463     /home/ec2-user/openfire_src/build/lib/merge/jetty-webapp.jar
b4724000-b4728000 r--s 00031000 ca:01 641462     /home/ec2-user/openfire_src/build/lib/merge/jetty-util.jar
b4728000-b472b000 r--s 00013000 ca:01 641461     /home/ec2-user/openfire_src/build/lib/merge/jetty-servlet.jar
b472b000-b4731000 r--s 00046000 ca:01 641460     /home/ec2-user/openfire_src/build/lib/merge/jetty-server.jar
b4731000-b4734000 r--s 00012000 ca:01 641459     /home/ec2-user/openfire_src/build/lib/merge/jetty-security.jar
b4734000-b4736000 r--s 00004000 ca:01 641458     /home/ec2-user/openfire_src/build/lib/merge/jetty-jmx.jar
b4736000-b4739000 r--s 00014000 ca:01 641457     /home/ec2-user/openfire_src/build/lib/merge/jetty-io.jar
b4739000-b473c000 r--s 0001a000 ca:01 641456     /home/ec2-user/openfire_src/build/lib/merge/jetty-http.jar
b473c000-b473d000 r--s 00004000 ca:01 641455     /home/ec2-user/openfire_src/build/lib/merge/jetty-continuation.jar
b473d000-b4740000 r--s 00023000 ca:01 641454     /home/ec2-user/openfire_src/build/lib/merge/jdom.jar
b4740000-b4747000 r--s 00034000 ca:01 641453     /home/ec2-user/openfire_src/build/lib/merge/jaxen.jar
b4747000-b474c000 r--s 00048000 ca:01 641452     /home/ec2-user/openfire_src/build/lib/merge/dom4j.jar
b474c000-b474e000 r--s 00007000 ca:01 641451     /home/ec2-user/openfire_src/build/lib/merge/dbutil.jar
b474e000-b4750000 r--s 00008000 ca:01 641450     /home/ec2-user/openfire_src/build/lib/merge/concurrentlinkedhashmap-lru-1.0_jdk5.jar
b4750000-b4752000 r--s 00008000 ca:01 641449     /home/ec2-user/openfire_src/build/lib/merge/commons-logging.jar
b4752000-b4756000 r--s 00038000 ca:01 641448     /home/ec2-user/openfire_src/build/lib/merge/commons-lang.jar
b4756000-b475c000 r--s 00045000 ca:01 641447     /home/ec2-user/openfire_src/build/lib/merge/commons-httpclient.jar
b475c000-b475e000 r--s 0000a000 ca:01 641446     /home/ec2-user/openfire_src/build/lib/merge/commons-codec.jar
b475e000-b4761000 ---p 00000000 00:00 0 
b4761000-b47af000 rw-p 00000000 00:00 0 
b47af000-b47b2000 ---p 00000000 00:00 0 
b47b2000-b4800000 rw-p 00000000 00:00 0 
b4800000-b49fd000 rw-p 00000000 00:00 0 
b49fd000-b4a00000 ---p 00000000 00:00 0 
b4a00000-b4b00000 rw-p 00000000 00:00 0 
b4b00000-b4b01000 rw-p 00000000 00:00 0 
b4b01000-b4b03000 r--s 00005000 ca:01 641486     /home/ec2-user/openfire_src/build/lib/objenesis.jar
b4b03000-b4b06000 r--s 0002e000 ca:01 641444     /home/ec2-user/openfire_src/build/lib/jmock.jar
b4b06000-b4b07000 r--s 00003000 ca:01 641443     /home/ec2-user/openfire_src/build/lib/jmock-legacy.jar
b4b07000-b4b08000 r--s 00002000 ca:01 641442     /home/ec2-user/openfire_src/build/lib/jmock-junit4.jar
b4b08000-b4b0c000 r--s 00015000 ca:01 641441     /home/ec2-user/openfire_src/build/lib/jaxb-api.jar
b4b0c000-b4b0e000 r--s 00011000 ca:01 641440     /home/ec2-user/openfire_src/build/lib/jasper-runtime.jar
b4b0e000-b4b13000 r--s 0005f000 ca:01 641439     /home/ec2-user/openfire_src/build/lib/jasper-compiler.jar
b4b13000-b4b1b000 r--s 00047000 ca:01 641438     /home/ec2-user/openfire_src/build/lib/i4jruntime.jar
b4b1b000-b4b1e000 r--s 0000d000 ca:01 641437     /home/ec2-user/openfire_src/build/lib/hamcrest-library.jar
b4b1e000-b4b1f000 r--s 00001000 ca:01 641436     /home/ec2-user/openfire_src/build/lib/hamcrest-api.jar
b4b1f000-b4b22000 r--s 00019000 ca:01 641423     /home/ec2-user/openfire_src/build/lib/commons-el.jar
b4b22000-b4b29000 r--s 00049000 ca:01 641422     /home/ec2-user/openfire_src/build/lib/cglib-nodep.jar
b4b29000-b4b38000 r--s 000ee000 ca:01 641421     /home/ec2-user/openfire_src/build/lib/ant.jar
b4b38000-b4b39000 r--s 00001000 ca:01 643553     /home/ec2-user/openfire_src/work/plugins-dev/registration/target/lib/plugin-registration.jar
b4b39000-b4b3c000 ---p 00000000 00:00 0 
b4b3c000-b4b8a000 rw-p 00000000 00:00 0 
b4b8a000-b4b8d000 ---p 00000000 00:00 0 
b4b8d000-b4ba1000 rw-p 00000000 00:00 0 
b4ba1000-b4ba4000 r--s 00015000 ca:01 641488     /home/ec2-user/openfire_src/build/lib/qdox.jar
b4ba4000-b4ba6000 r--s 00000000 ca:01 641419     /home/ec2-user/openfire_src/build/lib/ant-jive-edition.jar
b4ba6000-b4ba7000 r--s 00001000 ca:01 641487     /home/ec2-user/openfire_src/build/lib/pack200task.jar
b4ba7000-b4ba9000 r--s 0000d000 ca:01 641497     /home/ec2-user/openfire_src/build/lib/xmltask.jar
b4ba9000-b4bad000 r--s 0001a000 ca:01 641418     /home/ec2-user/openfire_src/build/lib/ant-contrib.jar
b4bad000-b4c18000 r--s 00e19000 ca:01 279017     /usr/java/jdk1.7.0_45/lib/tools.jar
b4c18000-b4c37000 r--s 001cc000 ca:01 1186620    /opt/apache-ant-1.9.3/lib/ant.jar
b4c37000-b4c38000 ---p 00000000 00:00 0 
b4c38000-b4cb8000 rw-p 00000000 00:00 0 
b4cb8000-b4cbb000 ---p 00000000 00:00 0 
b4cbb000-b4d09000 rw-p 00000000 00:00 0 
b4d09000-b4d0c000 ---p 00000000 00:00 0 
b4d0c000-b4d8a000 rw-p 00000000 00:00 0 
b4d8a000-b4d8d000 ---p 00000000 00:00 0 
b4d8d000-b4e26000 rw-p 00000000 00:00 0 
b4e26000-b4fe2000 r--s 039b2000 ca:01 999797     /usr/java/jdk1.7.0_45/jre/lib/rt.jar
b4fe2000-b5100000 r--p 0019c000 ca:01 198008     /usr/lib/locale/locale-archive
b5100000-b5300000 r--p 00000000 ca:01 198008     /usr/lib/locale/locale-archive
b5300000-b53fe000 rw-p 00000000 00:00 0 
b53fe000-b5400000 ---p 00000000 00:00 0 
b5400000-b5401000 r--s 00000000 ca:01 641420     /home/ec2-user/openfire_src/build/lib/ant-subdirtask.jar
b5401000-b540c000 r--s 000af000 ca:01 279357     /usr/java/jdk1.7.0_45/jre/lib/resources.jar
b540c000-b540d000 r--s 00003000 ca:01 1186613    /opt/apache-ant-1.9.3/lib/ant-netrexx.jar
b540d000-b540e000 r--s 00002000 ca:01 1186593    /opt/apache-ant-1.9.3/lib/ant-commons-logging.jar
b540e000-b5410000 r--s 00001000 ca:01 1186583    /opt/apache-ant-1.9.3/lib/ant-apache-log4j.jar
b5410000-b5411000 r--s 00003000 ca:01 1186579    /opt/apache-ant-1.9.3/lib/ant-apache-bcel.jar
b5411000-b5412000 r--s 00002000 ca:01 1186587    /opt/apache-ant-1.9.3/lib/ant-apache-regexp.jar
b5412000-b5414000 r--s 0000a000 ca:01 1186605    /opt/apache-ant-1.9.3/lib/ant-jsch.jar
b5414000-b5415000 r--s 00002000 ca:01 1186585    /opt/apache-ant-1.9.3/lib/ant-apache-oro.jar
b5415000-b5416000 r--s 00002000 ca:01 1186581    /opt/apache-ant-1.9.3/lib/ant-apache-bsf.jar
b5416000-b5417000 r--s 00003000 ca:01 1186599    /opt/apache-ant-1.9.3/lib/ant-javamail.jar
b5417000-b5418000 r--s 00002000 ca:01 1186589    /opt/apache-ant-1.9.3/lib/ant-apache-resolver.jar
b5418000-b541a000 r--s 00002000 ca:01 1186603    /opt/apache-ant-1.9.3/lib/ant-jmf.jar
b541a000-b541b000 r--s 00003000 ca:01 1186616    /opt/apache-ant-1.9.3/lib/ant-swing.jar
b541b000-b541e000 r--s 00014000 ca:01 1186595    /opt/apache-ant-1.9.3/lib/ant-commons-net.jar
b541e000-b541f000 r--s 00006000 ca:01 1186597    /opt/apache-ant-1.9.3/lib/ant-jai.jar
b541f000-b5421000 r--s 00002000 ca:01 1186609    /opt/apache-ant-1.9.3/lib/ant-junit4.jar
b5421000-b5424000 r--s 0001a000 ca:01 1186607    /opt/apache-ant-1.9.3/lib/ant-junit.jar
b5424000-b5425000 r--s 00003000 ca:01 1186601    /opt/apache-ant-1.9.3/lib/ant-jdepend.jar
b5425000-b5427000 r--s 00004000 ca:01 1186618    /opt/apache-ant-1.9.3/lib/ant-testutil.jar
b5427000-b5428000 r--s 00001000 ca:01 1186591    /opt/apache-ant-1.9.3/lib/ant-apache-xalan2.jar
b5428000-b5429000 r--s 00002000 ca:01 1186577    /opt/apache-ant-1.9.3/lib/ant-antlr.jar
b5429000-b542a000 r--s 00004000 ca:01 1186611    /opt/apache-ant-1.9.3/lib/ant-launcher.jar
b542a000-b542b000 r--p 01084000 ca:01 198008     /usr/lib/locale/locale-archive
b542b000-b542e000 ---p 00000000 00:00 0 
b542e000-b547c000 rw-p 00000000 00:00 0 
b547c000-b547f000 ---p 00000000 00:00 0 
b547f000-b54cd000 rw-p 00000000 00:00 0 
b54cd000-b54ce000 ---p 00000000 00:00 0 
b54ce000-b5569000 rw-p 00000000 00:00 0 
b5569000-b5588000 rw-p 00000000 00:00 0 
b5588000-b5592000 rw-p 00000000 00:00 0 
b5592000-b55a1000 rw-p 00000000 00:00 0 
b55a1000-b55b5000 rw-p 00000000 00:00 0 
b55b5000-b55d4000 rw-p 00000000 00:00 0 
b55d4000-b55da000 rw-p 00000000 00:00 0 
b55da000-b55f4000 rw-p 00000000 00:00 0 
b55f4000-b5600000 rw-p 00000000 00:00 0 
b5600000-b5a38000 rwxp 00000000 00:00 0 
b5a38000-b7700000 rw-p 00000000 00:00 0 
b7700000-b770d000 rw-p 00000000 00:00 0 
b770d000-b7727000 rw-p 00000000 00:00 0 
b7727000-b7738000 rw-p 00000000 00:00 0 
b7738000-b77a7000 rw-p 00000000 00:00 0 
b77a7000-b77af000 rw-s 00000000 ca:01 629930     /tmp/hsperfdata_ec2-user/15623
b77af000-b77b0000 rw-p 00000000 00:00 0 
b77b0000-b77b1000 ---p 00000000 00:00 0 
b77b1000-b77b4000 ---p 00000000 00:00 0 
b77b4000-b7805000 rw-p 00000000 00:00 0 
bfafa000-bfb1b000 rw-p 00000000 00:00 0          [stack]

VM Arguments:
jvm_args: -Dant.home=/opt/apache-ant-1.9.3 -Dant.library.dir=/opt/apache-ant-1.9.3/lib 
java_command: org.apache.tools.ant.launch.Launcher -cp  plugins
Launcher Type: SUN_STANDARD

Environment Variables:
JAVA_HOME=/usr/java/jdk1.7.0_45
PATH=/usr/local/bin:/bin:/usr/bin:/opt/aws/bin:/home/ec2-user/webrtc_plugin/depot_tools:/opt/python3/bin/:/opt/apache-ant-1.9.3/bin:/home/ec2-user/.rvm/bin:/home/ec2-user/bin
LD_LIBRARY_PATH=/home/ec2-user/libs:/usr/lib:/lib:/usr/local/lib
SHELL=/bin/bash

Signal Handlers:
SIGSEGV: [libjvm.so+0x504580], sa_mask[0]=0x7ffbfeff, sa_flags=0x10000004
SIGBUS: [libjvm.so+0x504580], sa_mask[0]=0x7ffbfeff, sa_flags=0x10000004
SIGFPE: [libjvm.so+0x3fc670], sa_mask[0]=0x7ffbfeff, sa_flags=0x10000004
SIGPIPE: [libjvm.so+0x3fc670], sa_mask[0]=0x7ffbfeff, sa_flags=0x10000004
SIGXFSZ: [libjvm.so+0x3fc670], sa_mask[0]=0x7ffbfeff, sa_flags=0x10000004
SIGILL: [libjvm.so+0x3fc670], sa_mask[0]=0x7ffbfeff, sa_flags=0x10000004
SIGUSR1: SIG_DFL, sa_mask[0]=0x00000000, sa_flags=0x00000000
SIGUSR2: [libjvm.so+0x3fdb60], sa_mask[0]=0x00000000, sa_flags=0x10000004
SIGHUP: [libjvm.so+0x3fecb0], sa_mask[0]=0x7ffbfeff, sa_flags=0x10000004
SIGINT: [libjvm.so+0x3fecb0], sa_mask[0]=0x7ffbfeff, sa_flags=0x10000004
SIGTERM: [libjvm.so+0x3fecb0], sa_mask[0]=0x7ffbfeff, sa_flags=0x10000004
SIGQUIT: [libjvm.so+0x3fecb0], sa_mask[0]=0x7ffbfeff, sa_flags=0x10000004


---------------  S Y S T E M  ---------------

OS:Linux
uname:Linux 2.6.34.7-56.40.amzn1.i686 #1 SMP Fri Oct 22 18:48:33 UTC 2010 i686
libc:glibc 2.12 NPTL 2.12 
rlimit: STACK 10240k, CORE 0k, NPROC 1024, NOFILE 1024, AS infinity
load average:1.13 0.87 0.85

/proc/meminfo:
MemTotal:         617668 kB
MemFree:            6532 kB
Buffers:             312 kB
Cached:            10988 kB
SwapCached:            0 kB
Active:           293100 kB
Inactive:         302128 kB
Active(anon):     287816 kB
Inactive(anon):   296384 kB
Active(file):       5284 kB
Inactive(file):     5744 kB
Unevictable:           0 kB
Mlocked:               0 kB
HighTotal:             0 kB
HighFree:              0 kB
LowTotal:         617668 kB
LowFree:            6532 kB
SwapTotal:             0 kB
SwapFree:              0 kB
Dirty:                72 kB
Writeback:             0 kB
AnonPages:        583960 kB
Mapped:             8124 kB
Shmem:               272 kB
Slab:               6196 kB
SReclaimable:       2232 kB
SUnreclaim:         3964 kB
KernelStack:         948 kB
PageTables:         4496 kB
NFS_Unstable:          0 kB
Bounce:                0 kB
WritebackTmp:          0 kB
CommitLimit:      308832 kB
Committed_AS:    1022788 kB
VmallocTotal:     234488 kB
VmallocUsed:         856 kB
VmallocChunk:     233192 kB
HugePages_Total:       0
HugePages_Free:        0
HugePages_Rsvd:        0
HugePages_Surp:        0
Hugepagesize:       2048 kB
DirectMap4k:      629760 kB
DirectMap2M:           0 kB


CPU:total 1 (8 cores per cpu, 2 threads per core) family 6 model 45 stepping 7, cmov, cx8, fxsr, mmx, sse, sse2, sse3, ssse3, sse4.1, sse4.2, popcnt, aes, ht, tsc, tscinvbit, tscinv

/proc/cpuinfo:
processor	: 0
vendor_id	: GenuineIntel
cpu family	: 6
model		: 45
model name	: Intel(R) Xeon(R) CPU E5-2650 0 @ 2.00GHz
stepping	: 7
cpu MHz		: 1799.999
cache size	: 20480 KB
fdiv_bug	: no
hlt_bug		: no
f00f_bug	: no
coma_bug	: no
fpu		: yes
fpu_exception	: yes
cpuid level	: 13
wp		: yes
flags		: fpu de tsc msr pae cx8 sep cmov pat clflush mmx fxsr sse sse2 ss ht nx constant_tsc up nonstop_tsc pni pclmulqdq ssse3 sse4_1 sse4_2 x2apic popcnt aes avx hypervisor
bogomips	: 3599.99
clflush size	: 64
cache_alignment	: 64
address sizes	: 46 bits physical, 48 bits virtual
power management:



Memory: 4k page, physical 617668k(6532k free), swap 0k(0k free)

vm_info: Java HotSpot(TM) Client VM (24.45-b08) for linux-x86 JRE (1.7.0_45-b18), built on Oct  8 2013 05:47:36 by "java_re" with gcc 4.3.0 20080428 (Red Hat 4.3.0-8)

time: Mon Jan  6 19:22:30 2014
elapsed time: 111 seconds

